2024-03-19 01:38:38 - Zomato_Time_Prediction - data_ingetion - INFO : Initiating data ingetion process...
2024-03-19 01:38:38 - Zomato_Time_Prediction - utils - INFO : Connecting to MySQL...
2024-03-19 01:38:39 - Zomato_Time_Prediction - utils - INFO : MySQL connection established
2024-03-19 01:38:39 - Zomato_Time_Prediction - data_ingetion - INFO : MySQL connection closed
2024-03-19 01:38:39 - Zomato_Time_Prediction - data_ingetion - INFO : Raw data saved at /Users/abhishek/Desktop/iNeuron/Machine Learning/EndToEnd/ML/Zomato Time Prediction/artifacts/raw.csv
2024-03-19 01:38:39 - Zomato_Time_Prediction - data_ingetion - INFO : Data ingetion process completed...
2024-03-19 01:38:39 - Zomato_Time_Prediction - data_ingetion - INFO : Train data shape: (34194, 21)
2024-03-19 01:38:39 - Zomato_Time_Prediction - data_ingetion - INFO : Test data shape: (8549, 21)
2024-03-19 01:38:39 - Zomato_Time_Prediction - data_ingetion - INFO : Train data saved at /Users/abhishek/Desktop/iNeuron/Machine Learning/EndToEnd/ML/Zomato Time Prediction/artifacts/train.csv
2024-03-19 01:38:39 - Zomato_Time_Prediction - data_ingetion - INFO : Test data saved at /Users/abhishek/Desktop/iNeuron/Machine Learning/EndToEnd/ML/Zomato Time Prediction/artifacts/test.csv
2024-03-19 01:38:39 - Zomato_Time_Prediction - data_ingetion - INFO : Data Ingetion process completed...
2024-03-19 01:38:39 - Zomato_Time_Prediction - data_transformation - INFO : Initiating data transformation process...
2024-03-19 01:38:39 - Zomato_Time_Prediction - data_transformation - INFO : Data loaded successfully
2024-03-19 01:38:40 - Zomato_Time_Prediction - data_transformation - INFO : Number columns identified successfully
2024-03-19 01:38:40 - Zomato_Time_Prediction - data_transformation - INFO : Outliers removed!!!
2024-03-19 01:38:40 - Zomato_Time_Prediction - data_transformation - INFO : Outliers removed!!!
2024-03-19 01:38:40 - Zomato_Time_Prediction - utils - INFO : Outliers removed!!!
2024-03-19 01:38:40 - Zomato_Time_Prediction - data_transformation - INFO : Categorical columns  and numerical columns divided successfully
2024-03-19 01:38:40 - Zomato_Time_Prediction - data_transformation - INFO : Empty values filled with mode successfully
2024-03-19 01:38:40 - Zomato_Time_Prediction - data_transformation - INFO : Empty values filled with mode successfully
2024-03-19 01:38:40 - Zomato_Time_Prediction - data_transformation - INFO : Categories created successfully!!!
2024-03-19 01:38:40 - Zomato_Time_Prediction - data_transformation - INFO : Pipeline methods creation ends!!!
2024-03-19 01:38:40 - Zomato_Time_Prediction - data_transformation - INFO : Input and target feature segregated successfully!!!
2024-03-19 01:38:40 - Zomato_Time_Prediction - data_transformation - INFO : Preprocessing done successfully!!!
2024-03-19 01:38:40 - Zomato_Time_Prediction - data_transformation - INFO : Data transformation done successfully!!!
2024-03-19 01:38:40 - Zomato_Time_Prediction - data_transformation - INFO : ordinal_columns_mapping.json created successfully!!!
2024-03-19 01:38:40 - Zomato_Time_Prediction - utils - INFO : Object saved successfully
2024-03-19 01:38:40 - Zomato_Time_Prediction - data_transformation - INFO : Saved the Pickle file preprocessing object to: /Users/abhishek/Desktop/iNeuron/Machine Learning/EndToEnd/ML/Zomato Time Prediction/artifacts/preprocessor_obj.pkl
2024-03-19 01:38:40 - Zomato_Time_Prediction - model_trainer - INFO : Initiating model training process...
2024-03-19 01:38:40 - Zomato_Time_Prediction - utils - INFO : Model: LinearRegression, R2 score: 0.4241930448245379
2024-03-19 01:38:40 - Zomato_Time_Prediction - utils - INFO : Model: Lasso, R2 score: 0.2850109631903951
2024-03-19 01:38:40 - Zomato_Time_Prediction - utils - INFO : Model: Ridge, R2 score: 0.4245427552060158
2024-03-19 01:38:40 - Zomato_Time_Prediction - utils - INFO : Model: Elasticnet, R2 score: 0.3138896795388185
2024-03-19 01:39:06 - Zomato_Time_Prediction - utils - INFO : Model: SVR, R2 score: 0.569667011536034
2024-03-19 01:39:06 - Zomato_Time_Prediction - utils - INFO : Model: DecisionTree, R2 score: 0.4198837465634845
2024-03-19 01:39:13 - Zomato_Time_Prediction - utils - INFO : Model: RandomForest, R2 score: 0.6855402194982021
2024-03-19 01:39:14 - Zomato_Time_Prediction - utils - INFO : Model: GradientBoostingRegressor, R2 score: 0.6552350329185181
2024-03-19 01:39:15 - Zomato_Time_Prediction - utils - INFO : Model: BaggingRegressor, R2 score: 0.6658928290442983
2024-03-19 01:39:15 - Zomato_Time_Prediction - utils - INFO : Model evaluation complete
2024-03-19 01:39:15 - Zomato_Time_Prediction - model_trainer - INFO : 
====================================================================================

2024-03-19 01:39:15 - Zomato_Time_Prediction - model_trainer - INFO : Model Report : {'LinearRegression': 0.4241930448245379, 'Lasso': 0.2850109631903951, 'Ridge': 0.4245427552060158, 'Elasticnet': 0.3138896795388185, 'SVR': 0.569667011536034, 'DecisionTree': 0.4198837465634845, 'RandomForest': 0.6855402194982021, 'GradientBoostingRegressor': 0.6552350329185181, 'BaggingRegressor': 0.6658928290442983}
2024-03-19 01:39:15 - Zomato_Time_Prediction - model_trainer - INFO : 
====================================================================================

2024-03-19 01:39:15 - Zomato_Time_Prediction - model_trainer - INFO : 
====================================================================================

2024-03-19 01:39:15 - Zomato_Time_Prediction - model_trainer - INFO : Best Model: RandomForest ## Best Model Score : 0.6855402194982021
2024-03-19 01:39:15 - Zomato_Time_Prediction - model_trainer - INFO : 
====================================================================================

2024-03-19 01:39:15 - Zomato_Time_Prediction - utils - INFO : Object saved successfully
